2021-11-14T14:16:26.523211500 Initializing application...
2021-11-14T14:16:27.111215500 Successful application initialized! at 1636917387111
2021-11-14T14:16:40.578923600 Initializing application...
2021-11-14T14:16:41.236925 Successful application initialized! at 1636917401236
2021-11-14T14:18:08.079993800 Successful authentication of user: asd at 1636917488079
2021-11-14T14:19:00.444100200 Initializing application...
2021-11-14T14:19:01.144099800 Successful application initialized!
2021-11-14T14:19:12.264017500 Initializing application...
2021-11-14T14:19:12.907018700 Successful application initialized!
2021-11-14T14:22:24.712030600 Initializing application...
2021-11-14T14:22:25.339031800 Successful application initialized!
2021-11-14T14:25:01.478997 Initializing application...
2021-11-14T14:25:02.116998500 Successful application initialized!
2021-11-14T14:25:31.907029700 Successful account opened!
2021-11-14T14:26:10.371161 Successful transacted!
2021-11-14T14:26:31.157046100 Successful transacted!
2021-11-14T14:30:10.719746 Initializing application...
2021-11-14T14:30:11.331674900 Successful application initialized!
2021-11-14T14:31:54.801053400 Successful authentication of user: test
2021-11-14T14:34:39.383133400 Initializing application...
2021-11-14T14:34:39.976161700 Successful application initialized!
2021-11-14T14:35:14.110576 Initializing application...
2021-11-14T14:35:14.123573900 Successful application initialized!
2021-11-14T14:35:27.213623700 Successful authentication of user: test
2021-11-14T14:40:06.249693300 Successful authentication of user: test
2021-11-14T14:40:47.646180500 Successful account opened!
2021-11-14T14:41:06.608002700 Successful account opened!
2021-11-14T14:41:13.595794500 Successful transacted!
2021-11-14T14:41:22.491560200 Successful transacted!
2021-11-14T14:41:29.614015400 Successful transacted!
2021-11-14T15:01:42.063395400 Initializing application...
2021-11-14T15:01:42.075398100 Successful application initialized!
2021-11-14T15:01:50.250210900 Successful authentication of user: asd
2021-11-14T15:05:24.433319200 Initializing application...
2021-11-14T15:05:24.448321200 Successful application initialized!
2021-11-14T15:05:43.631915500 Successful authentication of user: asd
2021-11-14T15:05:59.016469800 Successful account opened!
2021-11-14T15:06:11.090440200 Successful transacted!
2021-11-14T15:06:31.066236100 Successful transacted!
2021-11-14T15:07:17.116460 Successful authentication of user: test
2021-11-14T15:07:27.542401800 Successful account opened!
2021-11-14T15:07:36.574775200 Successful transacted!
2021-11-14T15:07:46.857084200 Successful transacted!
2021-11-14T16:05:23.628655500 Initializing application...
2021-11-14T16:05:23.638656300 Successful application initialized!
2021-11-14T16:09:42.097765800 Successful authentication of user: 3
2021-11-14T17:12:50.848469 Successful account opened!
2021-11-14T17:17:14.023618100 Successful transacted!
